<?xml version="1.0" encoding="UTF-8"?>
<!-- Generated by org.testng.reporters.JUnitReportReporter -->
<testsuite hostname="ojt23-PC" name="DriverFactory.AppTest" tests="1" failures="0" timestamp="21 Oct 2019 05:58:32 GMT" time="0.853" errors="0">
  <testcase name="ERP_Start" time="0.853" classname="DriverFactory.AppTest"/>
</testsuite> <!-- DriverFactory.AppTest -->
